2012-06-02T18:03:07+00:00 ERR (3): 
exception 'Mage_Core_Exception' with message 'Invalid block type: Mage_CatalogInventory_Block_Qtyincrements' in /home/acquirk7513/products.gasmedix.com/app/Mage.php:550
Stack trace:
#0 /home/acquirk7513/products.gasmedix.com/app/code/core/Mage/Core/Model/Layout.php(469): Mage::throwException('Invalid block t...')
#1 /home/acquirk7513/products.gasmedix.com/app/code/core/Mage/Core/Model/Layout.php(411): Mage_Core_Model_Layout->_getBlockInstance('cataloginventor...', Array)
#2 /home/acquirk7513/products.gasmedix.com/app/code/core/Mage/Core/Model/Layout.php(446): Mage_Core_Model_Layout->createBlock('cataloginventor...', 'product.info.ex...')
#3 /home/acquirk7513/products.gasmedix.com/app/code/core/Mage/Core/Model/Layout.php(238): Mage_Core_Model_Layout->addBlock('cataloginventor...', 'product.info.ex...')
#4 /home/acquirk7513/products.gasmedix.com/app/code/core/Mage/Core/Model/Layout.php(204): Mage_Core_Model_Layout->_generateBlock(Object(Mage_Core_Model_Layout_Element), Object(Mage_Core_Model_Layout_Element))
#5 /home/acquirk7513/products.gasmedix.com/app/code/core/Mage/Core/Model/Layout.php(209): Mage_Core_Model_Layout->generateBlocks(Object(Mage_Core_Model_Layout_Element))
#6 /home/acquirk7513/products.gasmedix.com/app/code/core/Mage/Core/Controller/Varien/Action.php(343): Mage_Core_Model_Layout->generateBlocks()
#7 /home/acquirk7513/products.gasmedix.com/app/code/core/Mage/Catalog/controllers/ProductController.php(115): Mage_Core_Controller_Varien_Action->generateLayoutBlocks()
#8 /home/acquirk7513/products.gasmedix.com/app/code/core/Mage/Catalog/controllers/ProductController.php(149): Mage_Catalog_ProductController->_initProductLayout(Object(Mage_Catalog_Model_Product))
#9 /home/acquirk7513/products.gasmedix.com/app/code/core/Mage/Core/Controller/Varien/Action.php(418): Mage_Catalog_ProductController->viewAction()
#10 /home/acquirk7513/products.gasmedix.com/app/code/core/Mage/Core/Controller/Varien/Router/Standard.php(254): Mage_Core_Controller_Varien_Action->dispatch('view')
#11 /home/acquirk7513/products.gasmedix.com/app/code/core/Mage/Core/Controller/Varien/Front.php(177): Mage_Core_Controller_Varien_Router_Standard->match(Object(Mage_Core_Controller_Request_Http))
#12 /home/acquirk7513/products.gasmedix.com/app/code/core/Mage/Core/Model/App.php(304): Mage_Core_Controller_Varien_Front->dispatch()
#13 /home/acquirk7513/products.gasmedix.com/app/Mage.php(596): Mage_Core_Model_App->run(Array)
#14 /home/acquirk7513/products.gasmedix.com/index.php(80): Mage::run('', 'store')
#15 {main}
2012-06-02T18:27:23+00:00 ERR (3): 
exception 'Mage_Core_Exception' with message 'Invalid block type: Mage_CatalogInventory_Block_Qtyincrements' in /home/acquirk7513/products.gasmedix.com/app/Mage.php:550
Stack trace:
#0 /home/acquirk7513/products.gasmedix.com/app/code/core/Mage/Core/Model/Layout.php(469): Mage::throwException('Invalid block t...')
#1 /home/acquirk7513/products.gasmedix.com/app/code/core/Mage/Core/Model/Layout.php(411): Mage_Core_Model_Layout->_getBlockInstance('cataloginventor...', Array)
#2 /home/acquirk7513/products.gasmedix.com/app/code/core/Mage/Core/Model/Layout.php(446): Mage_Core_Model_Layout->createBlock('cataloginventor...', 'product.info.ex...')
#3 /home/acquirk7513/products.gasmedix.com/app/code/core/Mage/Core/Model/Layout.php(238): Mage_Core_Model_Layout->addBlock('cataloginventor...', 'product.info.ex...')
#4 /home/acquirk7513/products.gasmedix.com/app/code/core/Mage/Core/Model/Layout.php(204): Mage_Core_Model_Layout->_generateBlock(Object(Mage_Core_Model_Layout_Element), Object(Mage_Core_Model_Layout_Element))
#5 /home/acquirk7513/products.gasmedix.com/app/code/core/Mage/Core/Model/Layout.php(209): Mage_Core_Model_Layout->generateBlocks(Object(Mage_Core_Model_Layout_Element))
#6 /home/acquirk7513/products.gasmedix.com/app/code/core/Mage/Core/Controller/Varien/Action.php(343): Mage_Core_Model_Layout->generateBlocks()
#7 /home/acquirk7513/products.gasmedix.com/app/code/core/Mage/Catalog/controllers/ProductController.php(115): Mage_Core_Controller_Varien_Action->generateLayoutBlocks()
#8 /home/acquirk7513/products.gasmedix.com/app/code/core/Mage/Catalog/controllers/ProductController.php(149): Mage_Catalog_ProductController->_initProductLayout(Object(Mage_Catalog_Model_Product))
#9 /home/acquirk7513/products.gasmedix.com/app/code/core/Mage/Core/Controller/Varien/Action.php(418): Mage_Catalog_ProductController->viewAction()
#10 /home/acquirk7513/products.gasmedix.com/app/code/core/Mage/Core/Controller/Varien/Router/Standard.php(254): Mage_Core_Controller_Varien_Action->dispatch('view')
#11 /home/acquirk7513/products.gasmedix.com/app/code/core/Mage/Core/Controller/Varien/Front.php(177): Mage_Core_Controller_Varien_Router_Standard->match(Object(Mage_Core_Controller_Request_Http))
#12 /home/acquirk7513/products.gasmedix.com/app/code/core/Mage/Core/Model/App.php(304): Mage_Core_Controller_Varien_Front->dispatch()
#13 /home/acquirk7513/products.gasmedix.com/app/Mage.php(596): Mage_Core_Model_App->run(Array)
#14 /home/acquirk7513/products.gasmedix.com/index.php(80): Mage::run('', 'store')
#15 {main}
